C51 COMPILER V9.53.0.0   LED_C                                                             03/06/2024 10:16:11 PAGE 1   


C51 COMPILER V9.53.0.0, COMPILATION OF MODULE LED_C
OBJECT MODULE PLACED IN led_c.OBJ
COMPILER INVOKED BY: C:\programs\Keil_v5\C51\BIN\C51.EXE led_c.c OPTIMIZE(8,SPEED) BROWSE DEBUG OBJECTEXTEND TABS(2)

line level    source

   1          #include <C8051F120.h>
   2          
   3          sbit LED = P1^6; 
   4          cnt = 10; //interrupt counter
   5          
   6          void Reset_Sources_Init()//disabling the watchdog timer
   7          {
   8   1          WDTCN     = 0xDE;
   9   1          WDTCN     = 0xAD;
  10   1      }
  11          
  12          
  13          void Timer_Init() //configuring I/O ports
  14          {
  15   1          SFRPAGE   = TIMER01_PAGE;
  16   1          TMOD      = 0x01; //Sets the timer to 16-bit mode
  17   1      }
  18          
  19          
  20          
  21          void Port_IO_Init() 
  22          {
  23   1          SFRPAGE |= CONFIG_PAGE;
  24   1          P1MDOUT |= 0x40;  
  25   1          XBR2    |= 0x40;  
  26   1      }
  27          
  28          void Interrupts_Init() // initializing interrupts
  29          {
  30   1        IE= 0x82;// Enabling general interrupts and interrupts from TF0 installation
  31   1      }  
  32          
  33          void Init_Device(void) //device initialization
  34          {
  35   1          Reset_Sources_Init();
  36   1          Port_IO_Init();
  37   1          Interrupts_Init();
  38   1          Timer_Init();
  39   1      }
  40          
  41          Timer_ISR(void) interrupt 1 //interrupt handler
  42          {
  43   1          TF0 = 0; //clearing the interrupt flag
  44   1          cnt --; //delay
  45   1          if (cnt == 0)
  46   1          {
  47   2              cnt = 10;
  48   2              LED =~ LED; //swith led
  49   2          }
  50   1      }
  51          
  52          
  53          
  54          
  55          void main(void)
C51 COMPILER V9.53.0.0   LED_C                                                             03/06/2024 10:16:11 PAGE 2   

  56          {
  57   1          Init_Device();
  58   1          TR0 = 1; // On timer
  59   1      
  60   1          while(1){ }
  61   1      }


MODULE INFORMATION:   STATIC OVERLAYABLE
   CODE SIZE        =     75    ----
   CONSTANT SIZE    =   ----    ----
   XDATA SIZE       =   ----    ----
   PDATA SIZE       =   ----    ----
   DATA SIZE        =      2    ----
   IDATA SIZE       =   ----    ----
   BIT SIZE         =   ----    ----
END OF MODULE INFORMATION.


C51 COMPILATION COMPLETE.  0 WARNING(S),  0 ERROR(S)
