C51 COMPILER V9.53.0.0   LED_C                                                             03/06/2024 10:22:22 PAGE 1   


C51 COMPILER V9.53.0.0, COMPILATION OF MODULE LED_C
OBJECT MODULE PLACED IN led_c.OBJ
COMPILER INVOKED BY: C:\programs\Keil_v5\C51\BIN\C51.EXE led_c.c OPTIMIZE(8,SPEED) BROWSE DEBUG OBJECTEXTEND TABS(2)

line level    source

   1          #include <stdio.h> // Including input/output library
   2          #include <C8051F120.h>
   3          sbit LED = P1^6; // Declaration of LED bit variable
   4          cnt = 10; // Interrupt counter
   5          void Reset_Sources_Init() // Watchdog timer disable
   6          {
   7   1          WDTCN     = 0xDE;
   8   1          WDTCN     = 0xAD;
   9   1      }
  10          void Timer_Init() // Timer initialization
  11          {
  12   1          SFRPAGE   = TIMER01_PAGE;
  13   1          TMOD      = 0x01; // Sets timer to 16-bit mode
  14   1      }
  15          void Port_IO_Init() // Input/output port initialization
  16          {
  17   1          SFRPAGE   = CONFIG_PAGE;
  18   1          P1MDOUT   = 0x40; // Configures P1.6 port as push-pull output
  19   1          XBR2      = 0x40;
  20   1      }
  21          void Interrupts_Init() // Interrupts initialization
  22          {
  23   1          IE        = 0x82; // Enable global interrupts and interrupts from TF0
  24   1      }
  25          void Init_Device(void) // Device initialization
  26          {
  27   1          Reset_Sources_Init();
  28   1          Port_IO_Init();
  29   1          Interrupts_Init();
  30   1          Timer_Init();
  31   1      }
  32          Timer_ISR(void) interrupt 1 // Interrupt handler
  33          {
  34   1          TF0 = 0; // Clear interrupt flag
  35   1      }
  36          void main(void)
  37          {
  38   1          Init_Device();
  39   1          LED = 0;
  40   1          TR0 = 1; // Turn on timer
  41   1          while (1)
  42   1          {
  43   2              PCON |= 0x1; // Idle mode switching
  44   2              cnt--; // Delay
  45   2              if (cnt == 0)
  46   2              {
  47   3                  LED=~LED; // Toggle LED
  48   3                  cnt = 10;
  49   3              }
  50   2          }
  51   1      }


MODULE INFORMATION:   STATIC OVERLAYABLE
   CODE SIZE        =     76    ----
C51 COMPILER V9.53.0.0   LED_C                                                             03/06/2024 10:22:22 PAGE 2   

   CONSTANT SIZE    =   ----    ----
   XDATA SIZE       =   ----    ----
   PDATA SIZE       =   ----    ----
   DATA SIZE        =      2    ----
   IDATA SIZE       =   ----    ----
   BIT SIZE         =   ----    ----
END OF MODULE INFORMATION.


C51 COMPILATION COMPLETE.  0 WARNING(S),  0 ERROR(S)
