C51 COMPILER V9.53.0.0   LED_C                                                             03/03/2024 19:18:33 PAGE 1   


C51 COMPILER V9.53.0.0, COMPILATION OF MODULE LED_C
OBJECT MODULE PLACED IN led_c.OBJ
COMPILER INVOKED BY: C:\programs\Keil_v5\C51\BIN\C51.EXE led_c.c OPTIMIZE(8,SPEED) BROWSE DEBUG OBJECTEXTEND TABS(2)

line level    source

   1          #include <C8051F120.h>
   2          
   3          sbit LED = P1^6; // ?????????? ??????? ?????????? ??? ??????????
   4          sbit SW = P3^7;  // ?????????? ??????? ?????????? ??? ??????
   5          
   6          void Port_IO_Init() // ????????????? ?????? ?????/??????
   7          {
   8   1          P1MDOUT |= 0x40; // ????????? ????? P1.6 ??? ???????????? ??????
   9   1          XBR2 |= 0x40;    // ?????????? ?????????
  10   1      }
  11          
  12          void main(void)
  13          {
  14   1          PCA0MD &= ~0x40; // ?????????? ??????????? ???????
  15   1      
  16   1          Port_IO_Init();  // ????? ??????? ????????????? ??????
  17   1      
  18   1          while(1)
  19   1          {
  20   2              LED = ~SW;    // ??????????? ?????? ? ?????????? ? ?????????
  21   2          }
  22   1      }


MODULE INFORMATION:   STATIC OVERLAYABLE
   CODE SIZE        =     20    ----
   CONSTANT SIZE    =   ----    ----
   XDATA SIZE       =   ----    ----
   PDATA SIZE       =   ----    ----
   DATA SIZE        =   ----    ----
   IDATA SIZE       =   ----    ----
   BIT SIZE         =   ----    ----
END OF MODULE INFORMATION.


C51 COMPILATION COMPLETE.  0 WARNING(S),  0 ERROR(S)
