A51 MACRO ASSEMBLER  MAIN                                                                 03/06/2024 10:37:04 PAGE     1


MACRO ASSEMBLER A51 V8.02b
OBJECT MODULE PLACED IN Main.OBJ
ASSEMBLER INVOKED BY: C:\programs\Keil_v5\C51\BIN\A51.EXE Main.a51 SET(SMALL) DEBUG EP

LOC  OBJ            LINE     SOURCE

                       1     $nomod51                
                       2     ;$include (C8051F000.inc)
                +1     3     ;-----------------------------------------------------------------------------
                +1     4     ;       Copyright (C) 2000 CYGNAL INTEGRATED PRODUCTS, INC.
                +1     5     ;       All rights reserved.
                +1     6     ;
                +1     7     ;
                +1     8     ;       FILE NAME       : C8051F000.INC 
                +1     9     ;       TARGET MCU      : C8051F0xx (C8051 System Controller)
                +1    10     ;       DESCRIPTION     : Register/bit definitions for the C8051F000 product family.  
                +1    11     ;
                +1    12     ;       REVISION 1.8    
                +1    13     ;
                +1    14     ;-----------------------------------------------------------------------------
                +1    15     ;REGISTER DEFINITIONS
                +1    16     ;
  0080          +1    17     P0       DATA  080H   ; PORT 0
  0081          +1    18     SP       DATA  081H   ; STACK POINTER
  0082          +1    19     DPL      DATA  082H   ; DATA POINTER - LOW BYTE
  0083          +1    20     DPH      DATA  083H   ; DATA POINTER - HIGH BYTE
  0087          +1    21     PCON     DATA  087H   ; POWER CONTROL
  0088          +1    22     TCON     DATA  088H   ; TIMER CONTROL
  0089          +1    23     TMOD     DATA  089H   ; TIMER MODE
  008A          +1    24     TL0      DATA  08AH   ; TIMER 0 - LOW BYTE
  008B          +1    25     TL1      DATA  08BH   ; TIMER 1 - LOW BYTE
  008C          +1    26     TH0      DATA  08CH   ; TIMER 0 - HIGH BYTE
  008D          +1    27     TH1      DATA  08DH   ; TIMER 1 - HIGH BYTE
  008E          +1    28     CKCON    DATA  08EH   ; CLOCK CONTROL
  008F          +1    29     PSCTL    DATA  08FH   ; PROGRAM STORE R/W CONTROL
  0090          +1    30     P1       DATA  090H   ; PORT 1
  0091          +1    31     TMR3CN   DATA  091H   ; TIMER 3 CONTROL
  0092          +1    32     TMR3RLL  DATA  092H   ; TIMER 3 RELOAD REGISTER - LOW BYTE
  0093          +1    33     TMR3RLH  DATA  093H   ; TIMER 3 RELOAD REGISTER - HIGH BYTE
  0094          +1    34     TMR3L    DATA  094H   ; TIMER 3 - LOW BYTE
  0095          +1    35     TMR3H    DATA  095H   ; TIMER 3 - HIGH BYTE
  0097          +1    36     DSRFLG   DATA  097H   ; DSR FLAG REGISTER
  0098          +1    37     SCON     DATA  098H   ; SERIAL PORT CONTROL
  0099          +1    38     SBUF     DATA  099H   ; SERIAL PORT BUFFER
  009A          +1    39     SPI0CFG  DATA  09AH   ; SERIAL PERIPHERAL INTERFACE 0 CONFIGURATION
  009B          +1    40     SPI0DAT  DATA  09BH   ; SERIAL PERIPHERAL INTERFACE 0 DATA
  009D          +1    41     SPI0CKR  DATA  09DH   ; SERIAL PERIPHERAL INTERFACE 0 CLOCK RATE CONTROL
  009E          +1    42     CPT0CN   DATA  09EH   ; COMPARATOR 0 CONTROL
  009F          +1    43     CPT1CN   DATA  09FH   ; COMPARATOR 1 CONTROL 
  00A0          +1    44     P2       DATA  0A0H   ; PORT 2
  00A4          +1    45     PRT0CF   DATA  0A4H   ; PORT 0 CONFIGURATION
  00A5          +1    46     PRT1CF   DATA  0A5H   ; PORT 1 CONFIGURATION
  00A6          +1    47     PRT2CF   DATA  0A6H   ; PORT 2 CONFIGURATION
  00A7          +1    48     PRT3CF   DATA  0A7H   ; PORT 3 CONFIGURATION 
  00A8          +1    49     IE       DATA  0A8H   ; INTERRUPT ENABLE
  00AD          +1    50     PRT1IF   DATA  0ADH   ; PORT 1 EXTERNAL INTERRUPT FLAGS
  00AF          +1    51     EMI0CN   DATA  0AFH   ; EXTERNAL MEMORY INTERFACE CONTROL
  00B0          +1    52     P3       DATA  0B0H   ; PORT 3
  00B1          +1    53     OSCXCN   DATA  0B1H   ; EXTERNAL OSCILLATOR CONTROL
  00B2          +1    54     OSCICN   DATA  0B2H   ; INTERNAL OSCILLATOR CONTROL
  00B3          +1    55     DSRL     DATA  0B3H   ; DSR PORT - LOW BYTE
  00B4          +1    56     DSRH     DATA  0B4H   ; DSR PORT - HIGH BYTE
  00B6          +1    57     FLSCL    DATA  0B6H   ; FLASH MEMORY TIMING PRESCALER
  00B7          +1    58     FLACL    DATA  0B7H   ; FLASH ACESS LIMIT 
A51 MACRO ASSEMBLER  MAIN                                                                 03/06/2024 10:37:04 PAGE     2

  00B8          +1    59     IP       DATA  0B8H   ; INTERRUPT PRIORITY
  00BA          +1    60     AMX0CF   DATA  0BAH   ; ADC 0 MUX CONFIGURATION
  00BB          +1    61     AMX0SL   DATA  0BBH   ; ADC 0 MUX CHANNEL SELECTION
  00BC          +1    62     ADC0CF   DATA  0BCH   ; ADC 0 CONFIGURATION
  00BE          +1    63     ADC0L    DATA  0BEH   ; ADC 0 DATA - LOW BYTE
  00BF          +1    64     ADC0H    DATA  0BFH   ; ADC 0 DATA - HIGH BYTE 
  00C0          +1    65     SMB0CN   DATA  0C0H   ; SMBUS 0 CONTROL
  00C1          +1    66     SMB0STA  DATA  0C1H   ; SMBUS 0 STATUS
  00C2          +1    67     SMB0DAT  DATA  0C2H   ; SMBUS 0 DATA 
  00C3          +1    68     SMB0ADR  DATA  0C3H   ; SMBUS 0 SLAVE ADDRESS
  00C4          +1    69     ADC0GTL  DATA  0C4H   ; ADC 0 GREATER-THAN REGISTER - LOW BYTE
  00C5          +1    70     ADC0GTH  DATA  0C5H   ; ADC 0 GREATER-THAN REGISTER - HIGH BYTE
  00C6          +1    71     ADC0LTL  DATA  0C6H   ; ADC 0 LESS-THAN REGISTER - LOW BYTE
  00C7          +1    72     ADC0LTH  DATA  0C7H   ; ADC 0 LESS-THAN REGISTER - HIGH BYTE
  00C8          +1    73     T2CON    DATA  0C8H   ; TIMER 2 CONTROL
  00CA          +1    74     RCAP2L   DATA  0CAH   ; TIMER 2 CAPTURE REGISTER - LOW BYTE
  00CB          +1    75     RCAP2H   DATA  0CBH   ; TIMER 2 CAPTURE REGISTER - HIGH BYTE
  00CC          +1    76     TL2      DATA  0CCH   ; TIMER 2 - LOW BYTE
  00CD          +1    77     TH2      DATA  0CDH   ; TIMER 2 - HIGH BYTE
  00CE          +1    78     DSROP    DATA  0CEH   ; DSR OPERAND
  00CF          +1    79     SMB0CR   DATA  0CFH   ; SMBUS 0 CLOCK RATE
  00D0          +1    80     PSW      DATA  0D0H   ; PROGRAM STATUS WORD
  00D1          +1    81     REF0CN   DATA  0D1H   ; VOLTAGE REFERENCE 0 CONTROL
  00D2          +1    82     DAC0L    DATA  0D2H   ; DAC 0 REGISTER - LOW BYTE
  00D3          +1    83     DAC0H    DATA  0D3H   ; DAC 0 REGISTER - HIGH BYTE
  00D4          +1    84     DAC0CN   DATA  0D4H   ; DAC 0 CONTROL
  00D5          +1    85     DAC1L    DATA  0D5H   ; DAC 1 REGISTER - LOW BYTE
  00D6          +1    86     DAC1H    DATA  0D6H   ; DAC 1 REGISTER - HIGH BYTE
  00D7          +1    87     DAC1CN   DATA  0D7H   ; DAC 1 CONTROL
  00D8          +1    88     PCA0CN   DATA  0D8H   ; PCA 0 COUNTER CONTROL
  00D9          +1    89     PCA0MD   DATA  0D9H   ; PCA 0 COUNTER MODE
  00DA          +1    90     PCA0CPM0 DATA  0DAH   ; CONTROL REGISTER FOR PCA 0 MODULE 0
  00DB          +1    91     PCA0CPM1 DATA  0DBH   ; CONTROL REGISTER FOR PCA 0 MODULE 1
  00DC          +1    92     PCA0CPM2 DATA  0DCH   ; CONTROL REGISTER FOR PCA 0 MODULE 2
  00DD          +1    93     PCA0CPM3 DATA  0DDH   ; CONTROL REGISTER FOR PCA 0 MODULE 3
  00DE          +1    94     PCA0CPM4 DATA  0DEH   ; CONTROL REGISTER FOR PCA 0 MODULE 4
  00E0          +1    95     ACC      DATA  0E0H   ; ACCUMULATOR
  00E1          +1    96     XBR0     DATA  0E1H   ; DIGITAL CROSSBAR CONFIGURATION REGISTER 0
  00E2          +1    97     XBR1     DATA  0E2H   ; DIGITAL CROSSBAR CONFIGURATION REGISTER 1
  00E3          +1    98     XBR2     DATA  0E3H   ; DIGITAL CROSSBAR CONFIGURATION REGISTER 2
  00E6          +1    99     EIE1     DATA  0E6H   ; EXTERNAL INTERRUPT ENABLE 1
  00E7          +1   100     EIE2     DATA  0E7H   ; EXTERNAL INTERRUPT ENABLE 2
  00E8          +1   101     ADC0CN   DATA  0E8H   ; ADC 0 CONTROL
  00E9          +1   102     PCA0L    DATA  0E9H   ; PCA 0 TIMER - LOW BYTE
  00EA          +1   103     PCA0CPL0 DATA  0EAH   ; CAPTURE/COMPARE REGISTER FOR PCA 0 MODULE 0 - LOW BYTE
  00EB          +1   104     PCA0CPL1 DATA  0EBH   ; CAPTURE/COMPARE REGISTER FOR PCA 0 MODULE 1 - LOW BYTE
  00EC          +1   105     PCA0CPL2 DATA  0ECH   ; CAPTURE/COMPARE REGISTER FOR PCA 0 MODULE 2 - LOW BYTE
  00ED          +1   106     PCA0CPL3 DATA  0EDH   ; CAPTURE/COMPARE REGISTER FOR PCA 0 MODULE 3 - LOW BYTE
  00EE          +1   107     PCA0CPL4 DATA  0EEH   ; CAPTURE/COMPARE REGISTER FOR PCA 0 MODULE 4 - LOW BYTE
  00EF          +1   108     RSTSRC   DATA  0EFH   ; RESET SOURCE 
  00F0          +1   109     B        DATA  0F0H   ; B REGISTER
  00F6          +1   110     EIP1     DATA  0F6H   ; EXTERNAL INTERRUPT PRIORITY REGISTER 1
  00F7          +1   111     EIP2     DATA  0F7H   ; EXTERNAL INTERRUPT PRIORITY REGISTER 2
  00F8          +1   112     SPI0CN   DATA  0F8H   ; SERIAL PERIPHERAL INTERFACE 0 CONTROL 
  00F9          +1   113     PCA0H    DATA  0F9H   ; PCA 0 TIMER - HIGH BYTE
  00FA          +1   114     PCA0CPH0 DATA  0FAH   ; CAPTURE/COMPARE REGISTER FOR PCA 0 MODULE 0 - HIGH BYTE
  00FB          +1   115     PCA0CPH1 DATA  0FBH   ; CAPTURE/COMPARE REGISTER FOR PCA 0 MODULE 1 - HIGH BYTE
  00FC          +1   116     PCA0CPH2 DATA  0FCH   ; CAPTURE/COMPARE REGISTER FOR PCA 0 MODULE 2 - HIGH BYTE
  00FD          +1   117     PCA0CPH3 DATA  0FDH   ; CAPTURE/COMPARE REGISTER FOR PCA 0 MODULE 3 - HIGH BYTE
  00FE          +1   118     PCA0CPH4 DATA  0FEH   ; CAPTURE/COMPARE REGISTER FOR PCA 0 MODULE 4 - HIGH BYTE
  00FF          +1   119     WDTCN    DATA  0FFH   ; WATCHDOG TIMER CONTROL 
                +1   120     ;
                +1   121     ;------------------------------------------------------------------------------
                +1   122     ;BIT DEFINITIONS
                +1   123     ;
                +1   124     ; TCON 88H
A51 MACRO ASSEMBLER  MAIN                                                                 03/06/2024 10:37:04 PAGE     3

  0088          +1   125     IT0      BIT   TCON.0 ; EXT. INTERRUPT 0 TYPE
  0089          +1   126     IE0      BIT   TCON.1 ; EXT. INTERRUPT 0 EDGE FLAG
  008A          +1   127     IT1      BIT   TCON.2 ; EXT. INTERRUPT 1 TYPE
  008B          +1   128     IE1      BIT   TCON.3 ; EXT. INTERRUPT 1 EDGE FLAG
  008C          +1   129     TR0      BIT   TCON.4 ; TIMER 0 ON/OFF CONTROL
  008D          +1   130     TF0      BIT   TCON.5 ; TIMER 0 OVERFLOW FLAG
  008E          +1   131     TR1      BIT   TCON.6 ; TIMER 1 ON/OFF CONTROL
  008F          +1   132     TF1      BIT   TCON.7 ; TIMER 1 OVERFLOW FLAG
                +1   133     ;
                +1   134     ; SCON 98H
  0098          +1   135     RI       BIT   SCON.0 ; RECEIVE INTERRUPT FLAG
  0099          +1   136     TI       BIT   SCON.1 ; TRANSMIT INTERRUPT FLAG
  009A          +1   137     RB8      BIT   SCON.2 ; RECEIVE BIT 8
  009B          +1   138     TB8      BIT   SCON.3 ; TRANSMIT BIT 8
  009C          +1   139     REN      BIT   SCON.4 ; RECEIVE ENABLE
  009D          +1   140     SM2      BIT   SCON.5 ; MULTIPROCESSOR COMMUNICATION ENABLE
  009E          +1   141     SM1      BIT   SCON.6 ; SERIAL MODE CONTROL BIT 1
  009F          +1   142     SM0      BIT   SCON.7 ; SERIAL MODE CONTROL BIT 0
                +1   143     ; 
                +1   144     ; IE A8H
  00A8          +1   145     EX0      BIT   IE.0   ; EXTERNAL INTERRUPT 0 ENABLE
  00A9          +1   146     ET0      BIT   IE.1   ; TIMER 0 INTERRUPT ENABLE
  00AA          +1   147     EX1      BIT   IE.2   ; EXTERNAL INTERRUPT 1 ENABLE
  00AB          +1   148     ET1      BIT   IE.3   ; TIMER 1 INTERRUPT ENABLE
  00AC          +1   149     ES       BIT   IE.4   ; SERIAL PORT INTERRUPT ENABLE
  00AD          +1   150     ET2      BIT   IE.5   ; TIMER 2 INTERRUPT ENABLE
  00AF          +1   151     EA       BIT   IE.7   ; GLOBAL INTERRUPT ENABLE
                +1   152     ;
                +1   153     ; IP B8H
  00B8          +1   154     PX0      BIT   IP.0   ; EXTERNAL INTERRUPT 0 PRIORITY
  00B9          +1   155     PT0      BIT   IP.1   ; TIMER 0 PRIORITY
  00BA          +1   156     PX1      BIT   IP.2   ; EXTERNAL INTERRUPT 1 PRIORITY
  00BB          +1   157     PT1      BIT   IP.3   ; TIMER 1 PRIORITY
  00BC          +1   158     PS       BIT   IP.4   ; SERIAL PORT PRIORITY
  00BD          +1   159     PT2      BIT   IP.5   ; TIMER 2 PRIORITY
                +1   160     ;
                +1   161     ; SMB0CN C0H
  00C0          +1   162     SMBTOE   BIT   SMB0CN.0 ; SMBUS 0 TIMEOUT ENABLE
  00C1          +1   163     SMBFTE   BIT   SMB0CN.1 ; SMBUS 0 FREE TIMER ENABLE
  00C2          +1   164     AA       BIT   SMB0CN.2 ; SMBUS 0 ASSERT/ACKNOWLEDGE FLAG
  00C3          +1   165     SI       BIT   SMB0CN.3 ; SMBUS 0 INTERRUPT PENDING FLAG
  00C4          +1   166     STO      BIT   SMB0CN.4 ; SMBUS 0 STOP FLAG
  00C5          +1   167     STA      BIT   SMB0CN.5 ; SMBUS 0 START FLAG
  00C6          +1   168     ENSMB    BIT   SMB0CN.6 ; SMBUS 0 ENABLE 
                +1   169     ;
                +1   170     ; T2CON C8H
  00C8          +1   171     CPRL2    BIT   T2CON.0 ; CAPTURE OR RELOAD SELECT
  00C9          +1   172     CT2      BIT   T2CON.1 ; TIMER OR COUNTER SELECT
  00CA          +1   173     TR2      BIT   T2CON.2 ; TIMER 2 ON/OFF CONTROL
  00CB          +1   174     EXEN2    BIT   T2CON.3 ; TIMER 2 EXTERNAL ENABLE FLAG
  00CC          +1   175     TCLK     BIT   T2CON.4 ; TRANSMIT CLOCK FLAG
  00CD          +1   176     RCLK     BIT   T2CON.5 ; RECEIVE CLOCK FLAG
  00CE          +1   177     EXF2     BIT   T2CON.6 ; EXTERNAL FLAG
  00CF          +1   178     TF2      BIT   T2CON.7 ; TIMER 2 OVERFLOW FLAG
                +1   179     ;
                +1   180     ; PSW D0H
  00D0          +1   181     P        BIT   PSW.0  ; ACCUMULATOR PARITY FLAG
  00D1          +1   182     F1       BIT   PSW.1  ; USER FLAG 1
  00D2          +1   183     OV       BIT   PSW.2  ; OVERFLOW FLAG
  00D3          +1   184     RS0      BIT   PSW.3  ; REGISTER BANK SELECT 0
  00D4          +1   185     RS1      BIT   PSW.4  ; REGISTER BANK SELECT 1
  00D5          +1   186     F0       BIT   PSW.5  ; USER FLAG 0
  00D6          +1   187     AC       BIT   PSW.6  ; AUXILIARY CARRY FLAG
  00D7          +1   188     CY       BIT   PSW.7  ; CARRY FLAG
                +1   189     ;
                +1   190     ; PCA0CN D8H
A51 MACRO ASSEMBLER  MAIN                                                                 03/06/2024 10:37:04 PAGE     4

  00D8          +1   191     CCF0     BIT   PCA0CN.0 ; PCA 0 MODULE 0 INTERRUPT FLAG
  00D9          +1   192     CCF1     BIT   PCA0CN.1 ; PCA 0 MODULE 1 INTERRUPT FLAG
  00DA          +1   193     CCF2     BIT   PCA0CN.2 ; PCA 0 MODULE 2 INTERRUPT FLAG
  00DB          +1   194     CCF3     BIT   PCA0CN.3 ; PCA 0 MODULE 3 INTERRUPT FLAG
  00DC          +1   195     CCF4     BIT   PCA0CN.4 ; PCA 0 MODULE 4 INTERRUPT FLAG
  00DE          +1   196     CR       BIT   PCA0CN.6 ; PCA 0 COUNTER RUN CONTROL BIT
  00DF          +1   197     CF       BIT   PCA0CN.7 ; PCA 0 COUNTER OVERFLOW FLAG
                +1   198     ;
                +1   199     ; ADC0CN E8H
  00E8          +1   200     ADLJST   BIT   ADC0CN.0 ; ADC 0 RIGHT JUSTIFY DATA BIT
  00E9          +1   201     ADWINT   BIT   ADC0CN.1 ; ADC 0 WINDOW COMPARE INTERRUPT FLAG
  00EA          +1   202     ADSTM0   BIT   ADC0CN.2 ; ADC 0 START OF CONVERSION MODE BIT 0
  00EB          +1   203     ADSTM1   BIT   ADC0CN.3 ; ADC 0 START OF CONVERSION MODE BIT 1
  00EC          +1   204     ADBUSY   BIT   ADC0CN.4 ; ADC 0 BUSY FLAG
  00ED          +1   205     ADCINT   BIT   ADC0CN.5 ; ADC 0 CONVERISION COMPLETE INTERRUPT FLAG 
  00EE          +1   206     ADCTM    BIT   ADC0CN.6 ; ADC 0 TRACK MODE
  00EF          +1   207     ADCEN    BIT   ADC0CN.7 ; ADC 0 ENABLE
                +1   208     ;
                +1   209     ; SPI0CN F8H
  00F8          +1   210     SPIEN    BIT   SPI0CN.0 ; SPI 0 SPI ENABLE
  00F9          +1   211     MSTEN    BIT   SPI0CN.1 ; SPI 0 MASTER ENABLE
  00FA          +1   212     SLVSEL   BIT   SPI0CN.2 ; SPI 0 SLAVE SELECT
  00FB          +1   213     TXBSY    BIT   SPI0CN.3 ; SPI 0 TX BUSY FLAG
  00FC          +1   214     RXOVRN   BIT   SPI0CN.4 ; SPI 0 RX OVERRUN FLAG
  00FD          +1   215     MODF     BIT   SPI0CN.5 ; SPI 0 MODE FAULT FLAG
  00FE          +1   216     WCOL     BIT   SPI0CN.6 ; SPI 0 WRITE COLLISION FLAG
  00FF          +1   217     SPIF     BIT   SPI0CN.7 ; SPI 0 INTERRUPT FLAG
                     218     
                     219             
  0096               220     LED BIT P1.6; ???????? ?? LED, ???????????? ? ?????? P1.6
----                 221     CSEG AT 0; ?????????? ??????????? ??????? ??? ???? ????
0000 020039          222     LJMP MAIN; ???????? ?????????? ?? ?????? MAIN
000B                 223     ORG 000Bh; ?????? ?????? ???? ??? ??????? ??????????
000B 0136            224     AJMP T0_ISR
                     225     
                     226     
000D                 227     Reset_Sources_Init: ; ?????????? ??????????? ???????
000D 75FFDE          228         mov  WDTCN,     #0DEh
0010 75FFAD          229         mov  WDTCN,     #0ADh
0013 22              230         ret
0014                 231     Timer_Init: ;????????????? ???????
0014                 232         mov  SFRPAGE,   #TIMER01_PAGE
*** __________________________________^
*** ______________________________________________^
*** ERROR #A45 IN 232 (Main.a51, LINE 16): UNDEFINED SYMBOL (PASS-2)
*** ERROR #A45 IN 232 (Main.a51, LINE 16): UNDEFINED SYMBOL (PASS-2)
0017 758901          233         mov  TMOD,      #01h; ????????????? ?????? ? 16-????????? ?????
001A 22              234         ret
001B                 235     Port_IO_Init: ; ????????????? ????? ?????/??????
001B                 236         mov  SFRPAGE,   #CONFIG_PAGE
*** __________________________________^
*** ______________________________________________^
*** ERROR #A45 IN 236 (Main.a51, LINE 20): UNDEFINED SYMBOL (PASS-2)
*** ERROR #A45 IN 236 (Main.a51, LINE 20): UNDEFINED SYMBOL (PASS-2)
001E                 237         mov  P1MDOUT,   #040h ;????????? ????? P1.6 ? ???????? ???????????? ??????
*** __________________________________^
*** ERROR #A45 IN 237 (Main.a51, LINE 21): UNDEFINED SYMBOL (PASS-2)
0021 75E340          238         mov  XBR2,      #040h
0024 22              239         ret
0025                 240     Interrupts_Init: ;????????????? ??????????
0025 75A882          241     mov IE,#082h;???????? ????? ?????????? ? ?????????? ? ????????? TF0
0028 22              242         ret
0029                 243     Init_Device: ;????????????? ??????????
0029 12000D          244         lcall Reset_Sources_Init
002C 12001B          245         lcall Port_IO_Init
002F 120014          246             lcall Timer_Init
A51 MACRO ASSEMBLER  MAIN                                                                 03/06/2024 10:37:04 PAGE     5

0032 120025          247         lcall Interrupts_Init
0035 22              248         ret
0036                 249     T0_ISR:;?????????? ?????????? ?? ????? Assembler
0036 C28D            250             CLR TF0;??????? ????? ???????????? ??????? T0
0038 32              251             RETI; ???????????? ??????? ????? ???????????
0039                 252     MAIN:
0039 1129            253             CALL Init_Device;
003B C296            254             CLR LED ;?????????? ??????????
003D 780A            255             MOV R0, #10
003F D28C            256             setb TR0
0041                 257     IDLE:
0041 438701          258             ORL PCON, #01h; ????? ????????? ????
0044 D8FB            259             DJNZ R0, IDLE; ????????
0046 780A            260             MOV R0, #10; R0 - ??????? ????? ??????????
0048 B296            261             CPL LED; ??????????? ????????? ?????
004A 80F5            262             JMP IDLE; ??????????? ????
                     263     END
                             
A51 MACRO ASSEMBLER  MAIN                                                                 03/06/2024 10:37:04 PAGE     6

SYMBOL TABLE LISTING
------ ----- -------


N A M E             T Y P E  V A L U E   ATTRIBUTES

AA . . . . . . . .  B ADDR   00C0H.2 A   
AC . . . . . . . .  B ADDR   00D0H.6 A   
ACC. . . . . . . .  D ADDR   00E0H   A   
ADBUSY . . . . . .  B ADDR   00E8H.4 A   
ADC0CF . . . . . .  D ADDR   00BCH   A   
ADC0CN . . . . . .  D ADDR   00E8H   A   
ADC0GTH. . . . . .  D ADDR   00C5H   A   
ADC0GTL. . . . . .  D ADDR   00C4H   A   
ADC0H. . . . . . .  D ADDR   00BFH   A   
ADC0L. . . . . . .  D ADDR   00BEH   A   
ADC0LTH. . . . . .  D ADDR   00C7H   A   
ADC0LTL. . . . . .  D ADDR   00C6H   A   
ADCEN. . . . . . .  B ADDR   00E8H.7 A   
ADCINT . . . . . .  B ADDR   00E8H.5 A   
ADCTM. . . . . . .  B ADDR   00E8H.6 A   
ADLJST . . . . . .  B ADDR   00E8H.0 A   
ADSTM0 . . . . . .  B ADDR   00E8H.2 A   
ADSTM1 . . . . . .  B ADDR   00E8H.3 A   
ADWINT . . . . . .  B ADDR   00E8H.1 A   
AMX0CF . . . . . .  D ADDR   00BAH   A   
AMX0SL . . . . . .  D ADDR   00BBH   A   
B. . . . . . . . .  D ADDR   00F0H   A   
CCF0 . . . . . . .  B ADDR   00D8H.0 A   
CCF1 . . . . . . .  B ADDR   00D8H.1 A   
CCF2 . . . . . . .  B ADDR   00D8H.2 A   
CCF3 . . . . . . .  B ADDR   00D8H.3 A   
CCF4 . . . . . . .  B ADDR   00D8H.4 A   
CF . . . . . . . .  B ADDR   00D8H.7 A   
CKCON. . . . . . .  D ADDR   008EH   A   
CONFIG_PAGE. . . .    ----   -----       
CPRL2. . . . . . .  B ADDR   00C8H.0 A   
CPT0CN . . . . . .  D ADDR   009EH   A   
CPT1CN . . . . . .  D ADDR   009FH   A   
CR . . . . . . . .  B ADDR   00D8H.6 A   
CT2. . . . . . . .  B ADDR   00C8H.1 A   
CY . . . . . . . .  B ADDR   00D0H.7 A   
DAC0CN . . . . . .  D ADDR   00D4H   A   
DAC0H. . . . . . .  D ADDR   00D3H   A   
DAC0L. . . . . . .  D ADDR   00D2H   A   
DAC1CN . . . . . .  D ADDR   00D7H   A   
DAC1H. . . . . . .  D ADDR   00D6H   A   
DAC1L. . . . . . .  D ADDR   00D5H   A   
DPH. . . . . . . .  D ADDR   0083H   A   
DPL. . . . . . . .  D ADDR   0082H   A   
DSRFLG . . . . . .  D ADDR   0097H   A   
DSRH . . . . . . .  D ADDR   00B4H   A   
DSRL . . . . . . .  D ADDR   00B3H   A   
DSROP. . . . . . .  D ADDR   00CEH   A   
EA . . . . . . . .  B ADDR   00A8H.7 A   
EIE1 . . . . . . .  D ADDR   00E6H   A   
EIE2 . . . . . . .  D ADDR   00E7H   A   
EIP1 . . . . . . .  D ADDR   00F6H   A   
EIP2 . . . . . . .  D ADDR   00F7H   A   
EMI0CN . . . . . .  D ADDR   00AFH   A   
ENSMB. . . . . . .  B ADDR   00C0H.6 A   
ES . . . . . . . .  B ADDR   00A8H.4 A   
ET0. . . . . . . .  B ADDR   00A8H.1 A   
ET1. . . . . . . .  B ADDR   00A8H.3 A   
ET2. . . . . . . .  B ADDR   00A8H.5 A   
EX0. . . . . . . .  B ADDR   00A8H.0 A   
A51 MACRO ASSEMBLER  MAIN                                                                 03/06/2024 10:37:04 PAGE     7

EX1. . . . . . . .  B ADDR   00A8H.2 A   
EXEN2. . . . . . .  B ADDR   00C8H.3 A   
EXF2 . . . . . . .  B ADDR   00C8H.6 A   
F0 . . . . . . . .  B ADDR   00D0H.5 A   
F1 . . . . . . . .  B ADDR   00D0H.1 A   
FLACL. . . . . . .  D ADDR   00B7H   A   
FLSCL. . . . . . .  D ADDR   00B6H   A   
IDLE . . . . . . .  C ADDR   0041H   A   
IE . . . . . . . .  D ADDR   00A8H   A   
IE0. . . . . . . .  B ADDR   0088H.1 A   
IE1. . . . . . . .  B ADDR   0088H.3 A   
INIT_DEVICE. . . .  C ADDR   0029H   A   
INTERRUPTS_INIT. .  C ADDR   0025H   A   
IP . . . . . . . .  D ADDR   00B8H   A   
IT0. . . . . . . .  B ADDR   0088H.0 A   
IT1. . . . . . . .  B ADDR   0088H.2 A   
LED. . . . . . . .  B ADDR   0090H.6 A   
MAIN . . . . . . .  C ADDR   0039H   A   
MODF . . . . . . .  B ADDR   00F8H.5 A   
MSTEN. . . . . . .  B ADDR   00F8H.1 A   
OSCICN . . . . . .  D ADDR   00B2H   A   
OSCXCN . . . . . .  D ADDR   00B1H   A   
OV . . . . . . . .  B ADDR   00D0H.2 A   
P. . . . . . . . .  B ADDR   00D0H.0 A   
P0 . . . . . . . .  D ADDR   0080H   A   
P1 . . . . . . . .  D ADDR   0090H   A   
P1MDOUT. . . . . .    ----   -----       
P2 . . . . . . . .  D ADDR   00A0H   A   
P3 . . . . . . . .  D ADDR   00B0H   A   
PCA0CN . . . . . .  D ADDR   00D8H   A   
PCA0CPH0 . . . . .  D ADDR   00FAH   A   
PCA0CPH1 . . . . .  D ADDR   00FBH   A   
PCA0CPH2 . . . . .  D ADDR   00FCH   A   
PCA0CPH3 . . . . .  D ADDR   00FDH   A   
PCA0CPH4 . . . . .  D ADDR   00FEH   A   
PCA0CPL0 . . . . .  D ADDR   00EAH   A   
PCA0CPL1 . . . . .  D ADDR   00EBH   A   
PCA0CPL2 . . . . .  D ADDR   00ECH   A   
PCA0CPL3 . . . . .  D ADDR   00EDH   A   
PCA0CPL4 . . . . .  D ADDR   00EEH   A   
PCA0CPM0 . . . . .  D ADDR   00DAH   A   
PCA0CPM1 . . . . .  D ADDR   00DBH   A   
PCA0CPM2 . . . . .  D ADDR   00DCH   A   
PCA0CPM3 . . . . .  D ADDR   00DDH   A   
PCA0CPM4 . . . . .  D ADDR   00DEH   A   
PCA0H. . . . . . .  D ADDR   00F9H   A   
PCA0L. . . . . . .  D ADDR   00E9H   A   
PCA0MD . . . . . .  D ADDR   00D9H   A   
PCON . . . . . . .  D ADDR   0087H   A   
PORT_IO_INIT . . .  C ADDR   001BH   A   
PRT0CF . . . . . .  D ADDR   00A4H   A   
PRT1CF . . . . . .  D ADDR   00A5H   A   
PRT1IF . . . . . .  D ADDR   00ADH   A   
PRT2CF . . . . . .  D ADDR   00A6H   A   
PRT3CF . . . . . .  D ADDR   00A7H   A   
PS . . . . . . . .  B ADDR   00B8H.4 A   
PSCTL. . . . . . .  D ADDR   008FH   A   
PSW. . . . . . . .  D ADDR   00D0H   A   
PT0. . . . . . . .  B ADDR   00B8H.1 A   
PT1. . . . . . . .  B ADDR   00B8H.3 A   
PT2. . . . . . . .  B ADDR   00B8H.5 A   
PX0. . . . . . . .  B ADDR   00B8H.0 A   
PX1. . . . . . . .  B ADDR   00B8H.2 A   
RB8. . . . . . . .  B ADDR   0098H.2 A   
RCAP2H . . . . . .  D ADDR   00CBH   A   
RCAP2L . . . . . .  D ADDR   00CAH   A   
A51 MACRO ASSEMBLER  MAIN                                                                 03/06/2024 10:37:04 PAGE     8

RCLK . . . . . . .  B ADDR   00C8H.5 A   
REF0CN . . . . . .  D ADDR   00D1H   A   
REN. . . . . . . .  B ADDR   0098H.4 A   
RESET_SOURCES_INIT  C ADDR   000DH   A   
RI . . . . . . . .  B ADDR   0098H.0 A   
RS0. . . . . . . .  B ADDR   00D0H.3 A   
RS1. . . . . . . .  B ADDR   00D0H.4 A   
RSTSRC . . . . . .  D ADDR   00EFH   A   
RXOVRN . . . . . .  B ADDR   00F8H.4 A   
SBUF . . . . . . .  D ADDR   0099H   A   
SCON . . . . . . .  D ADDR   0098H   A   
SFRPAGE. . . . . .    ----   -----       
SI . . . . . . . .  B ADDR   00C0H.3 A   
SLVSEL . . . . . .  B ADDR   00F8H.2 A   
SM0. . . . . . . .  B ADDR   0098H.7 A   
SM1. . . . . . . .  B ADDR   0098H.6 A   
SM2. . . . . . . .  B ADDR   0098H.5 A   
SMB0ADR. . . . . .  D ADDR   00C3H   A   
SMB0CN . . . . . .  D ADDR   00C0H   A   
SMB0CR . . . . . .  D ADDR   00CFH   A   
SMB0DAT. . . . . .  D ADDR   00C2H   A   
SMB0STA. . . . . .  D ADDR   00C1H   A   
SMBFTE . . . . . .  B ADDR   00C0H.1 A   
SMBTOE . . . . . .  B ADDR   00C0H.0 A   
SP . . . . . . . .  D ADDR   0081H   A   
SPI0CFG. . . . . .  D ADDR   009AH   A   
SPI0CKR. . . . . .  D ADDR   009DH   A   
SPI0CN . . . . . .  D ADDR   00F8H   A   
SPI0DAT. . . . . .  D ADDR   009BH   A   
SPIEN. . . . . . .  B ADDR   00F8H.0 A   
SPIF . . . . . . .  B ADDR   00F8H.7 A   
STA. . . . . . . .  B ADDR   00C0H.5 A   
STO. . . . . . . .  B ADDR   00C0H.4 A   
T0_ISR . . . . . .  C ADDR   0036H   A   
T2CON. . . . . . .  D ADDR   00C8H   A   
TB8. . . . . . . .  B ADDR   0098H.3 A   
TCLK . . . . . . .  B ADDR   00C8H.4 A   
TCON . . . . . . .  D ADDR   0088H   A   
TF0. . . . . . . .  B ADDR   0088H.5 A   
TF1. . . . . . . .  B ADDR   0088H.7 A   
TF2. . . . . . . .  B ADDR   00C8H.7 A   
TH0. . . . . . . .  D ADDR   008CH   A   
TH1. . . . . . . .  D ADDR   008DH   A   
TH2. . . . . . . .  D ADDR   00CDH   A   
TI . . . . . . . .  B ADDR   0098H.1 A   
TIMER01_PAGE . . .    ----   -----       
TIMER_INIT . . . .  C ADDR   0014H   A   
TL0. . . . . . . .  D ADDR   008AH   A   
TL1. . . . . . . .  D ADDR   008BH   A   
TL2. . . . . . . .  D ADDR   00CCH   A   
TMOD . . . . . . .  D ADDR   0089H   A   
TMR3CN . . . . . .  D ADDR   0091H   A   
TMR3H. . . . . . .  D ADDR   0095H   A   
TMR3L. . . . . . .  D ADDR   0094H   A   
TMR3RLH. . . . . .  D ADDR   0093H   A   
TMR3RLL. . . . . .  D ADDR   0092H   A   
TR0. . . . . . . .  B ADDR   0088H.4 A   
TR1. . . . . . . .  B ADDR   0088H.6 A   
TR2. . . . . . . .  B ADDR   00C8H.2 A   
TXBSY. . . . . . .  B ADDR   00F8H.3 A   
WCOL . . . . . . .  B ADDR   00F8H.6 A   
WDTCN. . . . . . .  D ADDR   00FFH   A   
XBR0 . . . . . . .  D ADDR   00E1H   A   
XBR1 . . . . . . .  D ADDR   00E2H   A   
XBR2 . . . . . . .  D ADDR   00E3H   A   


REGISTER BANK(S) USED: 0 


ASSEMBLY COMPLETE.  0 WARNING(S), 5 ERROR(S)
